This file contains any messages produced by compilers while
running configure, to aid debugging if configure makes a mistake.

It was created by configure, which was
generated by GNU Autoconf 2.61.  Invocation command line was

  $ ./configure 

## --------- ##
## Platform. ##
## --------- ##

hostname = javeline
uname -m = i686
uname -r = 2.6.20-15-server
uname -s = Linux
uname -v = #2 SMP Sun Apr 15 07:41:34 UTC 2007

/usr/bin/uname -p = unknown
/bin/uname -X     = unknown

/bin/arch              = i686
/usr/bin/arch -k       = unknown
/usr/convex/getsysinfo = unknown
/usr/bin/hostinfo      = unknown
/bin/machine           = unknown
/usr/bin/oslevel       = unknown
/bin/universe          = unknown

PATH: /usr/local/sbin
PATH: /usr/local/bin
PATH: /usr/sbin
PATH: /usr/bin
PATH: /sbin
PATH: /bin
PATH: /usr/X11R6/bin


## ----------- ##
## Core tests. ##
## ----------- ##

configure:1909: checking for grep that handles long lines and -e
configure:1983: result: /bin/grep
configure:1988: checking for egrep
configure:2066: result: /bin/grep -E
configure:2071: checking for a sed that does not truncate output
configure:2125: result: /bin/sed
configure:2236: checking for gcc
configure:2252: found /usr/bin/gcc
configure:2263: result: gcc
configure:2501: checking for C compiler version
configure:2508: gcc --version >&5
gcc (GCC) 4.1.2 (Ubuntu 4.1.2-0ubuntu4)
Copyright (C) 2006 Free Software Foundation, Inc.
This is free software; see the source for copying conditions.  There is NO
warranty; not even for MERCHANTABILITY or FITNESS FOR A PARTICULAR PURPOSE.

configure:2511: $? = 0
configure:2518: gcc -v >&5
Using built-in specs.
Target: i486-linux-gnu
Configured with: ../src/configure -v --enable-languages=c,c++,fortran,objc,obj-c++,treelang --prefix=/usr --enable-shared --with-system-zlib --libexecdir=/usr/lib --without-included-gettext --enable-threads=posix --enable-nls --program-suffix=-4.1 --enable-__cxa_atexit --enable-clocale=gnu --enable-libstdcxx-debug --enable-mpfr --enable-checking=release i486-linux-gnu
Thread model: posix
gcc version 4.1.2 (Ubuntu 4.1.2-0ubuntu4)
configure:2521: $? = 0
configure:2528: gcc -V >&5
gcc: '-V' option must have argument
configure:2531: $? = 1
configure:2554: checking for C compiler default output file name
configure:2581: gcc    conftest.c  >&5
configure:2584: $? = 0
configure:2622: result: a.out
configure:2639: checking whether the C compiler works
configure:2649: ./a.out
configure:2652: $? = 0
configure:2669: result: yes
configure:2676: checking whether we are cross compiling
configure:2678: result: no
configure:2681: checking for suffix of executables
configure:2688: gcc -o conftest    conftest.c  >&5
configure:2691: $? = 0
configure:2715: result: 
configure:2721: checking for suffix of object files
configure:2747: gcc -c   conftest.c >&5
configure:2750: $? = 0
configure:2773: result: o
configure:2777: checking whether we are using the GNU C compiler
configure:2806: gcc -c   conftest.c >&5
configure:2812: $? = 0
configure:2829: result: yes
configure:2834: checking whether gcc accepts -g
configure:2864: gcc -c -g  conftest.c >&5
configure:2870: $? = 0
configure:2969: result: yes
configure:2986: checking for gcc option to accept ISO C89
configure:3060: gcc  -c -g -O2  conftest.c >&5
configure:3066: $? = 0
configure:3089: result: none needed
configure:3108: checking whether gcc and cc understand -c and -o together
configure:3143: gcc -c conftest.c -o conftest2.o >&5
configure:3146: $? = 0
configure:3152: gcc -c conftest.c -o conftest2.o >&5
configure:3155: $? = 0
configure:3166: cc -c conftest.c >&5
configure:3169: $? = 0
configure:3177: cc -c conftest.c -o conftest2.o >&5
configure:3180: $? = 0
configure:3186: cc -c conftest.c -o conftest2.o >&5
configure:3189: $? = 0
configure:3207: result: yes
configure:3231: checking if compiler supports -R
configure:3260: gcc -o conftest -g -O2   conftest.c -R /usr/lib  >&5
gcc: unrecognized option '-R'
/usr/bin/ld: /usr/lib: No such file: File format not recognized
collect2: ld returned 1 exit status
configure:3266: $? = 1
configure: failed program was:
| /* confdefs.h.  */
| #define PACKAGE_NAME ""
| #define PACKAGE_TARNAME ""
| #define PACKAGE_VERSION ""
| #define PACKAGE_STRING ""
| #define PACKAGE_BUGREPORT ""
| /* end confdefs.h.  */
| 
| int
| main ()
| {
| 
|   ;
|   return 0;
| }
configure:3285: result: no
configure:3290: checking if compiler supports -Wl,-rpath,
configure:3319: gcc -o conftest -g -O2   conftest.c -Wl,-rpath,/usr/lib  >&5
configure:3325: $? = 0
configure:3344: result: yes
configure:3390: checking build system type
configure:3408: result: i686-pc-linux-gnu
configure:3430: checking host system type
configure:3445: result: i686-pc-linux-gnu
configure:3467: checking target system type
configure:3482: result: i686-pc-linux-gnu
configure:3581: checking for PHP prefix
configure:3583: result: /usr
configure:3585: checking for PHP includes
configure:3587: result: -I/usr/include/php5 -I/usr/include/php5/main -I/usr/include/php5/TSRM -I/usr/include/php5/Zend -I/usr/include/php5/ext -I/usr/include/php5/ext/date/lib -D_LARGEFILE_SOURCE -D_FILE_OFFSET_BITS=64
configure:3589: checking for PHP extension directory
configure:3591: result: /usr/lib/php5/20060613+lfs
configure:3593: checking for PHP installed headers prefix
configure:3595: result: /usr/include/php5
configure:3642: checking for re2c
configure:3672: result: no
configure:3697: WARNING: You will need re2c 0.9.11 or later if you want to regenerate PHP parsers.
configure:3711: checking for gawk
configure:3728: found /usr/bin/gawk
configure:3739: result: gawk
configure:3785: checking whether to enable stemmer
configure:3827: result: yes, shared
configure:4308: checking for ld used by gcc
configure:4375: result: /usr/bin/ld
configure:4384: checking if the linker (/usr/bin/ld) is GNU ld
configure:4399: result: yes
configure:4404: checking for /usr/bin/ld option to reload object files
configure:4411: result: -r
configure:4429: checking for BSD-compatible nm
configure:4478: result: /usr/bin/nm -B
configure:4482: checking whether ln -s works
configure:4486: result: yes
configure:4493: checking how to recognise dependent libraries
configure:4669: result: pass_all
configure:4902: checking how to run the C preprocessor
configure:4942: gcc -E  conftest.c
configure:4948: $? = 0
configure:4979: gcc -E  conftest.c
conftest.c:10:28: error: ac_nonexistent.h: No such file or directory
configure:4985: $? = 1
configure: failed program was:
| /* confdefs.h.  */
| #define PACKAGE_NAME ""
| #define PACKAGE_TARNAME ""
| #define PACKAGE_VERSION ""
| #define PACKAGE_STRING ""
| #define PACKAGE_BUGREPORT ""
| #define HAVE_STEMMER 1
| #define COMPILE_DL_STEMMER 1
| /* end confdefs.h.  */
| #include <ac_nonexistent.h>
configure:5018: result: gcc -E
configure:5047: gcc -E  conftest.c
configure:5053: $? = 0
configure:5084: gcc -E  conftest.c
conftest.c:10:28: error: ac_nonexistent.h: No such file or directory
configure:5090: $? = 1
configure: failed program was:
| /* confdefs.h.  */
| #define PACKAGE_NAME ""
| #define PACKAGE_TARNAME ""
| #define PACKAGE_VERSION ""
| #define PACKAGE_STRING ""
| #define PACKAGE_BUGREPORT ""
| #define HAVE_STEMMER 1
| #define COMPILE_DL_STEMMER 1
| /* end confdefs.h.  */
| #include <ac_nonexistent.h>
configure:5128: checking for ANSI C header files
configure:5158: gcc -c -g -O2  conftest.c >&5
configure:5164: $? = 0
configure:5263: gcc -o conftest -g -O2   conftest.c  >&5
configure:5266: $? = 0
configure:5272: ./conftest
configure:5275: $? = 0
configure:5292: result: yes
configure:5316: checking for sys/types.h
configure:5337: gcc -c -g -O2  conftest.c >&5
configure:5343: $? = 0
configure:5359: result: yes
configure:5316: checking for sys/stat.h
configure:5337: gcc -c -g -O2  conftest.c >&5
configure:5343: $? = 0
configure:5359: result: yes
configure:5316: checking for stdlib.h
configure:5337: gcc -c -g -O2  conftest.c >&5
configure:5343: $? = 0
configure:5359: result: yes
configure:5316: checking for string.h
configure:5337: gcc -c -g -O2  conftest.c >&5
configure:5343: $? = 0
configure:5359: result: yes
configure:5316: checking for memory.h
configure:5337: gcc -c -g -O2  conftest.c >&5
configure:5343: $? = 0
configure:5359: result: yes
configure:5316: checking for strings.h
configure:5337: gcc -c -g -O2  conftest.c >&5
configure:5343: $? = 0
configure:5359: result: yes
configure:5316: checking for inttypes.h
configure:5337: gcc -c -g -O2  conftest.c >&5
configure:5343: $? = 0
configure:5359: result: yes
configure:5316: checking for stdint.h
configure:5337: gcc -c -g -O2  conftest.c >&5
configure:5343: $? = 0
configure:5359: result: yes
configure:5316: checking for unistd.h
configure:5337: gcc -c -g -O2  conftest.c >&5
configure:5343: $? = 0
configure:5359: result: yes
configure:5386: checking dlfcn.h usability
configure:5403: gcc -c -g -O2  conftest.c >&5
configure:5409: $? = 0
configure:5423: result: yes
configure:5427: checking dlfcn.h presence
configure:5442: gcc -E  conftest.c
configure:5448: $? = 0
configure:5462: result: yes
configure:5490: checking for dlfcn.h
configure:5498: result: yes
configure:5569: checking for g++
configure:5585: found /usr/bin/g++
configure:5596: result: g++
configure:5627: checking for C++ compiler version
configure:5634: g++ --version >&5
g++ (GCC) 4.1.2 (Ubuntu 4.1.2-0ubuntu4)
Copyright (C) 2006 Free Software Foundation, Inc.
This is free software; see the source for copying conditions.  There is NO
warranty; not even for MERCHANTABILITY or FITNESS FOR A PARTICULAR PURPOSE.

configure:5637: $? = 0
configure:5644: g++ -v >&5
Using built-in specs.
Target: i486-linux-gnu
Configured with: ../src/configure -v --enable-languages=c,c++,fortran,objc,obj-c++,treelang --prefix=/usr --enable-shared --with-system-zlib --libexecdir=/usr/lib --without-included-gettext --enable-threads=posix --enable-nls --program-suffix=-4.1 --enable-__cxa_atexit --enable-clocale=gnu --enable-libstdcxx-debug --enable-mpfr --enable-checking=release i486-linux-gnu
Thread model: posix
gcc version 4.1.2 (Ubuntu 4.1.2-0ubuntu4)
configure:5647: $? = 0
configure:5654: g++ -V >&5
g++: '-V' option must have argument
configure:5657: $? = 1
configure:5660: checking whether we are using the GNU C++ compiler
configure:5689: g++ -c   conftest.cpp >&5
configure:5695: $? = 0
configure:5712: result: yes
configure:5717: checking whether g++ accepts -g
configure:5747: g++ -c -g  conftest.cpp >&5
configure:5753: $? = 0
configure:5852: result: yes
configure:5885: checking how to run the C++ preprocessor
configure:5921: g++ -E  conftest.cpp
configure:5927: $? = 0
configure:5958: g++ -E  conftest.cpp
conftest.cpp:21:28: error: ac_nonexistent.h: No such file or directory
configure:5964: $? = 1
configure: failed program was:
| /* confdefs.h.  */
| #define PACKAGE_NAME ""
| #define PACKAGE_TARNAME ""
| #define PACKAGE_VERSION ""
| #define PACKAGE_STRING ""
| #define PACKAGE_BUGREPORT ""
| #define HAVE_STEMMER 1
| #define COMPILE_DL_STEMMER 1
| #define STDC_HEADERS 1
| #define HAVE_SYS_TYPES_H 1
| #define HAVE_SYS_STAT_H 1
| #define HAVE_STDLIB_H 1
| #define HAVE_STRING_H 1
| #define HAVE_MEMORY_H 1
| #define HAVE_STRINGS_H 1
| #define HAVE_INTTYPES_H 1
| #define HAVE_STDINT_H 1
| #define HAVE_UNISTD_H 1
| #define HAVE_DLFCN_H 1
| /* end confdefs.h.  */
| #include <ac_nonexistent.h>
configure:5997: result: g++ -E
configure:6026: g++ -E  conftest.cpp
configure:6032: $? = 0
configure:6063: g++ -E  conftest.cpp
conftest.cpp:21:28: error: ac_nonexistent.h: No such file or directory
configure:6069: $? = 1
configure: failed program was:
| /* confdefs.h.  */
| #define PACKAGE_NAME ""
| #define PACKAGE_TARNAME ""
| #define PACKAGE_VERSION ""
| #define PACKAGE_STRING ""
| #define PACKAGE_BUGREPORT ""
| #define HAVE_STEMMER 1
| #define COMPILE_DL_STEMMER 1
| #define STDC_HEADERS 1
| #define HAVE_SYS_TYPES_H 1
| #define HAVE_SYS_STAT_H 1
| #define HAVE_STDLIB_H 1
| #define HAVE_STRING_H 1
| #define HAVE_MEMORY_H 1
| #define HAVE_STRINGS_H 1
| #define HAVE_INTTYPES_H 1
| #define HAVE_STDINT_H 1
| #define HAVE_UNISTD_H 1
| #define HAVE_DLFCN_H 1
| /* end confdefs.h.  */
| #include <ac_nonexistent.h>
configure:6162: checking for g77
configure:6192: result: no
configure:6162: checking for xlf
configure:6192: result: no
configure:6162: checking for f77
configure:6192: result: no
configure:6162: checking for frt
configure:6192: result: no
configure:6162: checking for pgf77
configure:6192: result: no
configure:6162: checking for cf77
configure:6192: result: no
configure:6162: checking for fort77
configure:6192: result: no
configure:6162: checking for fl32
configure:6192: result: no
configure:6162: checking for af77
configure:6192: result: no
configure:6162: checking for xlf90
configure:6192: result: no
configure:6162: checking for f90
configure:6192: result: no
configure:6162: checking for pgf90
configure:6192: result: no
configure:6162: checking for pghpf
configure:6192: result: no
configure:6162: checking for epcf90
configure:6192: result: no
configure:6162: checking for gfortran
configure:6192: result: no
configure:6162: checking for g95
configure:6192: result: no
configure:6162: checking for xlf95
configure:6192: result: no
configure:6162: checking for f95
configure:6192: result: no
configure:6162: checking for fort
configure:6192: result: no
configure:6162: checking for ifort
configure:6192: result: no
configure:6162: checking for ifc
configure:6192: result: no
configure:6162: checking for efc
configure:6192: result: no
configure:6162: checking for pgf95
configure:6192: result: no
configure:6162: checking for lf95
configure:6192: result: no
configure:6162: checking for ftn
configure:6192: result: no
configure:6219: checking for Fortran 77 compiler version
configure:6226:  --version >&5
./configure: line 6227: --version: command not found
configure:6229: $? = 127
configure:6236:  -v >&5
./configure: line 6237: -v: command not found
configure:6239: $? = 127
configure:6246:  -V >&5
./configure: line 6247: -V: command not found
configure:6249: $? = 127
configure:6257: checking whether we are using the GNU Fortran 77 compiler
configure:6276:  -c  conftest.F >&5
./configure: line 6277: -c: command not found
configure:6282: $? = 127
configure: failed program was:
|       program main
| #ifndef __GNUC__
|        choke me
| #endif
| 
|       end
configure:6299: result: no
configure:6305: checking whether  accepts -g
configure:6322:  -c -g conftest.f >&5
./configure: line 6323: -c: command not found
configure:6328: $? = 127
configure: failed program was:
|       program main
| 
|       end
configure:6344: result: no
configure:6374: checking the maximum length of command line arguments
configure:6483: result: 32768
configure:6494: checking command to parse /usr/bin/nm -B output from gcc object
configure:6599: gcc -c -g -O2  conftest.c >&5
configure:6602: $? = 0
configure:6606: /usr/bin/nm -B conftest.o \| sed -n -e 's/^.*[ 	]\([ABCDGIRSTW][ABCDGIRSTW]*\)[ 	][ 	]*\([_A-Za-z][_A-Za-z0-9]*\)$/\1 \2 \2/p' \> conftest.nm
configure:6609: $? = 0
configure:6661: gcc -o conftest -g -O2   conftest.c conftstm.o >&5
configure:6664: $? = 0
configure:6702: result: ok
configure:6706: checking for objdir
configure:6721: result: .libs
configure:6813: checking for ar
configure:6829: found /usr/bin/ar
configure:6840: result: ar
configure:6909: checking for ranlib
configure:6925: found /usr/bin/ranlib
configure:6936: result: ranlib
configure:7005: checking for strip
configure:7021: found /usr/bin/strip
configure:7032: result: strip
configure:7322: checking if gcc supports -fno-rtti -fno-exceptions
configure:7340: gcc -c -g -O2  -fno-rtti -fno-exceptions conftest.c >&5
cc1: warning: command line option "-fno-rtti" is valid for C++/ObjC++ but not for C
configure:7344: $? = 0
configure:7357: result: no
configure:7372: checking for gcc option to produce PIC
configure:7582: result: -fPIC
configure:7590: checking if gcc PIC flag -fPIC works
configure:7608: gcc -c -g -O2  -fPIC -DPIC conftest.c >&5
configure:7612: $? = 0
configure:7625: result: yes
configure:7653: checking if gcc static flag -static works
configure:7681: result: yes
configure:7691: checking if gcc supports -c -o file.o
configure:7712: gcc -c -g -O2  -o out/conftest2.o conftest.c >&5
configure:7716: $? = 0
configure:7738: result: yes
configure:7764: checking whether the gcc linker (/usr/bin/ld) supports shared libraries
configure:8719: result: yes
configure:8740: checking whether -lc should be explicitly linked in
configure:8745: gcc -c -g -O2  conftest.c >&5
configure:8748: $? = 0
configure:8763: gcc -shared conftest.o  -v -Wl,-soname -Wl,conftest -o conftest 2\>\&1 \| grep  -lc  \>/dev/null 2\>\&1
configure:8766: $? = 0
configure:8778: result: no
configure:8786: checking dynamic linker characteristics
configure:9362: result: GNU/Linux ld.so
configure:9371: checking how to hardcode library paths into programs
configure:9396: result: immediate
configure:9410: checking whether stripping libraries is possible
configure:9415: result: yes
configure:10216: checking if libtool supports shared libraries
configure:10218: result: yes
configure:10221: checking whether to build shared libraries
configure:10242: result: yes
configure:10245: checking whether to build static libraries
configure:10249: result: no
configure:10341: creating libtool
configure:10929: checking for ld used by g++
configure:10996: result: /usr/bin/ld
configure:11005: checking if the linker (/usr/bin/ld) is GNU ld
configure:11020: result: yes
configure:11071: checking whether the g++ linker (/usr/bin/ld) supports shared libraries
configure:12005: result: yes
configure:12027: g++ -c -g -O2  conftest.cpp >&5
configure:12030: $? = 0
configure:12149: checking for g++ option to produce PIC
configure:12423: result: -fPIC
configure:12431: checking if g++ PIC flag -fPIC works
configure:12449: g++ -c -g -O2  -fPIC -DPIC conftest.cpp >&5
configure:12453: $? = 0
configure:12466: result: yes
configure:12494: checking if g++ static flag -static works
configure:12522: result: yes
configure:12532: checking if g++ supports -c -o file.o
configure:12553: g++ -c -g -O2  -o out/conftest2.o conftest.cpp >&5
configure:12557: $? = 0
configure:12579: result: yes
configure:12605: checking whether the g++ linker (/usr/bin/ld) supports shared libraries
configure:12633: result: yes
configure:12700: checking dynamic linker characteristics
configure:13276: result: GNU/Linux ld.so
configure:13285: checking how to hardcode library paths into programs
configure:13310: result: immediate
configure:19649: creating ./config.status

## ---------------------- ##
## Running config.status. ##
## ---------------------- ##

This file was extended by config.status, which was
generated by GNU Autoconf 2.61.  Invocation command line was

  CONFIG_FILES    = 
  CONFIG_HEADERS  = 
  CONFIG_LINKS    = 
  CONFIG_COMMANDS = 
  $ ./config.status 

on javeline

config.status:515: creating config.h
config.status:664: config.h is unchanged

## ---------------- ##
## Cache variables. ##
## ---------------- ##

ac_cv_build=i686-pc-linux-gnu
ac_cv_c_compiler_gnu=yes
ac_cv_cxx_compiler_gnu=yes
ac_cv_env_CCC_set=
ac_cv_env_CCC_value=
ac_cv_env_CC_set=
ac_cv_env_CC_value=
ac_cv_env_CFLAGS_set=
ac_cv_env_CFLAGS_value=
ac_cv_env_CPPFLAGS_set=
ac_cv_env_CPPFLAGS_value=
ac_cv_env_CPP_set=
ac_cv_env_CPP_value=
ac_cv_env_CXXCPP_set=
ac_cv_env_CXXCPP_value=
ac_cv_env_CXXFLAGS_set=
ac_cv_env_CXXFLAGS_value=
ac_cv_env_CXX_set=
ac_cv_env_CXX_value=
ac_cv_env_F77_set=
ac_cv_env_F77_value=
ac_cv_env_FFLAGS_set=
ac_cv_env_FFLAGS_value=
ac_cv_env_LDFLAGS_set=
ac_cv_env_LDFLAGS_value=
ac_cv_env_LIBS_set=
ac_cv_env_LIBS_value=
ac_cv_env_build_alias_set=
ac_cv_env_build_alias_value=
ac_cv_env_host_alias_set=
ac_cv_env_host_alias_value=
ac_cv_env_target_alias_set=
ac_cv_env_target_alias_value=
ac_cv_f77_compiler_gnu=no
ac_cv_header_dlfcn_h=yes
ac_cv_header_inttypes_h=yes
ac_cv_header_memory_h=yes
ac_cv_header_stdc=yes
ac_cv_header_stdint_h=yes
ac_cv_header_stdlib_h=yes
ac_cv_header_string_h=yes
ac_cv_header_strings_h=yes
ac_cv_header_sys_stat_h=yes
ac_cv_header_sys_types_h=yes
ac_cv_header_unistd_h=yes
ac_cv_host=i686-pc-linux-gnu
ac_cv_objext=o
ac_cv_path_EGREP='/bin/grep -E'
ac_cv_path_GREP=/bin/grep
ac_cv_prog_AWK=gawk
ac_cv_prog_CPP='gcc -E'
ac_cv_prog_CXXCPP='g++ -E'
ac_cv_prog_ac_ct_AR=ar
ac_cv_prog_ac_ct_CC=gcc
ac_cv_prog_ac_ct_CXX=g++
ac_cv_prog_ac_ct_RANLIB=ranlib
ac_cv_prog_ac_ct_STRIP=strip
ac_cv_prog_cc_c89=
ac_cv_prog_cc_g=yes
ac_cv_prog_cc_gcc_c_o=yes
ac_cv_prog_cxx_g=yes
ac_cv_prog_f77_g=no
ac_cv_target=i686-pc-linux-gnu
lt_cv_deplibs_check_method=pass_all
lt_cv_file_magic_cmd='$MAGIC_CMD'
lt_cv_file_magic_test_file=
lt_cv_ld_reload_flag=-r
lt_cv_objdir=.libs
lt_cv_path_LD=/usr/bin/ld
lt_cv_path_LDCXX=/usr/bin/ld
lt_cv_path_NM='/usr/bin/nm -B'
lt_cv_path_SED=/bin/sed
lt_cv_prog_compiler_c_o=yes
lt_cv_prog_compiler_c_o_CXX=yes
lt_cv_prog_compiler_rtti_exceptions=no
lt_cv_prog_gnu_ld=yes
lt_cv_prog_gnu_ldcxx=yes
lt_cv_sys_global_symbol_pipe='sed -n -e '\''s/^.*[ 	]\([ABCDGIRSTW][ABCDGIRSTW]*\)[ 	][ 	]*\([_A-Za-z][_A-Za-z0-9]*\)$/\1 \2 \2/p'\'''
lt_cv_sys_global_symbol_to_c_name_address='sed -n -e '\''s/^: \([^ ]*\) $/  {\"\1\", (lt_ptr) 0},/p'\'' -e '\''s/^[BCDEGRST] \([^ ]*\) \([^ ]*\)$/  {"\2", (lt_ptr) \&\2},/p'\'''
lt_cv_sys_global_symbol_to_cdecl='sed -n -e '\''s/^. .* \(.*\)$/extern int \1;/p'\'''
lt_cv_sys_max_cmd_len=32768
lt_lt_cv_prog_compiler_c_o='"yes"'
lt_lt_cv_prog_compiler_c_o_CXX='"yes"'
lt_lt_cv_sys_global_symbol_pipe='"sed -n -e '\''s/^.*[ 	]\\([ABCDGIRSTW][ABCDGIRSTW]*\\)[ 	][ 	]*\\([_A-Za-z][_A-Za-z0-9]*\\)\$/\\1 \\2 \\2/p'\''"'
lt_lt_cv_sys_global_symbol_to_c_name_address='"sed -n -e '\''s/^: \\([^ ]*\\) \$/  {\\\"\\1\\\", (lt_ptr) 0},/p'\'' -e '\''s/^[BCDEGRST] \\([^ ]*\\) \\([^ ]*\\)\$/  {\"\\2\", (lt_ptr) \\&\\2},/p'\''"'
lt_lt_cv_sys_global_symbol_to_cdecl='"sed -n -e '\''s/^. .* \\(.*\\)\$/extern int \\1;/p'\''"'
php_cv_cc_dashr=no
php_cv_cc_rpath=yes

## ----------------- ##
## Output variables. ##
## ----------------- ##

AR='ar'
AWK='gawk'
CC='gcc'
CFLAGS='-g -O2'
CONFIGURE_COMMAND=' '\''./configure'\'''
CPP='gcc -E'
CPPFLAGS=' -DHAVE_CONFIG_H'
CXX='g++'
CXXCPP='g++ -E'
CXXFLAGS='-g -O2'
DEFS='-DHAVE_CONFIG_H'
ECHO='echo'
ECHO_C=''
ECHO_N='-n'
ECHO_T=''
EGREP='/bin/grep -E'
EXEEXT=''
F77=''
FFLAGS=''
GREP='/bin/grep'
LDFLAGS=''
LIBOBJS=''
LIBS=''
LIBTOOL='$(SHELL) $(top_builddir)/libtool'
LN_S='ln -s'
LTLIBOBJS=''
OBJEXT='o'
PACKAGE_BUGREPORT=''
PACKAGE_NAME=''
PACKAGE_STRING=''
PACKAGE_TARNAME=''
PACKAGE_VERSION=''
PATH_SEPARATOR=':'
RANLIB='ranlib'
RE2C='exit 0;'
SHELL='/bin/bash'
SHLIB_DL_SUFFIX_NAME='so'
SHLIB_SUFFIX_NAME='so'
STRIP='strip'
ac_ct_CC='gcc'
ac_ct_CXX='g++'
ac_ct_F77=''
bindir='${exec_prefix}/bin'
build='i686-pc-linux-gnu'
build_alias=''
build_cpu='i686'
build_os='linux-gnu'
build_vendor='pc'
datadir='${datarootdir}'
datarootdir='${prefix}/share'
docdir='${datarootdir}/doc/${PACKAGE}'
dvidir='${docdir}'
exec_prefix='$(prefix)'
host='i686-pc-linux-gnu'
host_alias='i686-pc-linux-gnu'
host_cpu='i686'
host_os='linux-gnu'
host_vendor='pc'
htmldir='${docdir}'
includedir='${prefix}/include'
infodir='${datarootdir}/info'
libdir='${exec_prefix}/lib'
libexecdir='${exec_prefix}/libexec'
localedir='${datarootdir}/locale'
localstatedir='${prefix}/var'
mandir='${datarootdir}/man'
oldincludedir='/usr/include'
pdfdir='${docdir}'
prefix='/usr'
program_transform_name='s,x,x,'
psdir='${docdir}'
sbindir='${exec_prefix}/sbin'
sharedstatedir='${prefix}/com'
sysconfdir='${prefix}/etc'
target='i686-pc-linux-gnu'
target_alias=''
target_cpu='i686'
target_os='linux-gnu'
target_vendor='pc'

## ----------- ##
## confdefs.h. ##
## ----------- ##

#define PACKAGE_NAME ""
#define PACKAGE_TARNAME ""
#define PACKAGE_VERSION ""
#define PACKAGE_STRING ""
#define PACKAGE_BUGREPORT ""
#define HAVE_STEMMER 1
#define COMPILE_DL_STEMMER 1
#define STDC_HEADERS 1
#define HAVE_SYS_TYPES_H 1
#define HAVE_SYS_STAT_H 1
#define HAVE_STDLIB_H 1
#define HAVE_STRING_H 1
#define HAVE_MEMORY_H 1
#define HAVE_STRINGS_H 1
#define HAVE_INTTYPES_H 1
#define HAVE_STDINT_H 1
#define HAVE_UNISTD_H 1
#define HAVE_DLFCN_H 1

configure: exit 0
